<?xml version="1.0" encoding="UTF-8"?>
<!-- Generated by org.testng.reporters.JUnitReportReporter -->
<testsuite hostname="HPLAPTOPPC" failures="0" tests="5" name="com.pom.DemoWebShopTest" time="69.123" errors="0" timestamp="2024-04-20T16:02:32 IST" skipped="0">
  <testcase classname="com.pom.DemoWebShopTest" name="productCategory" time="7.252"/>
  <system-out/>
  <testcase classname="com.pom.DemoWebShopTest" name="shoppingCart" time="26.989"/>
  <system-out/>
  <testcase classname="com.pom.DemoWebShopTest" name="productConfigureAndCart" time="15.707"/>
  <system-out/>
  <testcase classname="com.pom.DemoWebShopTest" name="productSortingAndSelection" time="12.654"/>
  <system-out/>
  <testcase classname="com.pom.DemoWebShopTest" name="login" time="6.521"/>
  <system-out/>
</testsuite> <!-- com.pom.DemoWebShopTest -->
